	at com.amazonaws.http.AmazonHttpClient$RequestExecutor.doExecute(AmazonHttpClient.java:838)
	at com.amazonaws.http.AmazonHttpClient$RequestExecutor.executeWithTimer(AmazonHttpClient.java:805)
	at com.amazonaws.http.AmazonHttpClient$RequestExecutor.execute(AmazonHttpClient.java:779)
	at com.amazonaws.http.AmazonHttpClient$RequestExecutor.access$500(AmazonHttpClient.java:735)
	at com.amazonaws.http.AmazonHttpClient$RequestExecutionBuilderImpl.execute(AmazonHttpClient.java:717)
	at com.amazonaws.http.AmazonHttpClient.execute(AmazonHttpClient.java:581)
	at com.amazonaws.http.AmazonHttpClient.execute(AmazonHttpClient.java:559)
	at com.amazonaws.services.s3.AmazonS3Client.invoke(AmazonS3Client.java:5590)
	at com.amazonaws.services.s3.AmazonS3Client.invoke(AmazonS3Client.java:5537)
	at com.amazonaws.services.s3.AmazonS3Client.initiateMultipartUpload(AmazonS3Client.java:3838)
	at io.aiven.kafka.connect.s3.S3OutputStream.newMultipartUpload(S3OutputStream.java:107)
	at io.aiven.kafka.connect.s3.S3OutputStream.write(S3OutputStream.java:89)
	at java.base/java.io.OutputStream.write(OutputStream.java:122)
	at java.base/java.util.zip.GZIPOutputStream.writeHeader(GZIPOutputStream.java:189)
	at java.base/java.util.zip.GZIPOutputStream.<init>(GZIPOutputStream.java:95)
	at java.base/java.util.zip.GZIPOutputStream.<init>(GZIPOutputStream.java:132)
	at io.aiven.kafka.connect.common.config.CompressionType.lambda$static$2(CompressionType.java:40)
	at io.aiven.kafka.connect.common.config.CompressionType.compress(CompressionType.java:151)
	at io.aiven.kafka.connect.common.output.OutputWriter$Builder.build(OutputWriter.java:146)
	at io.aiven.kafka.connect.s3.S3SinkTask.flushFile(S3SinkTask.java:138)
	at java.base/java.util.HashMap.forEach(HashMap.java:1337)
	at java.base/java.util.Collections$UnmodifiableMap.forEach(Collections.java:1505)
	at io.aiven.kafka.connect.s3.S3SinkTask.flush(S3SinkTask.java:120)
	at org.apache.kafka.connect.sink.SinkTask.preCommit(SinkTask.java:139)
	at org.apache.kafka.connect.runtime.WorkerSinkTask.commitOffsets(WorkerSinkTask.java:425)
	at org.apache.kafka.connect.runtime.WorkerSinkTask.commitOffsets(WorkerSinkTask.java:395)
	at org.apache.kafka.connect.runtime.WorkerSinkTask.iteration(WorkerSinkTask.java:234)
	at org.apache.kafka.connect.runtime.WorkerSinkTask.execute(WorkerSinkTask.java:219)
	at org.apache.kafka.connect.runtime.WorkerTask.doRun(WorkerTask.java:204)
	at org.apache.kafka.connect.runtime.WorkerTask.run(WorkerTask.java:259)
	at org.apache.kafka.connect.runtime.isolation.Plugins.lambda$withClassLoader$1(Plugins.java:236)
	at java.base/java.util.concurrent.Executors$RunnableAdapter.call(Executors.java:515)
	at java.base/java.util.concurrent.FutureTask.run(FutureTask.java:264)
	at java.base/java.util.concurrent.ThreadPoolExecutor.runWorker(ThreadPoolExecutor.java:1128)
	at java.base/java.util.concurrent.ThreadPoolExecutor$Worker.run(ThreadPoolExecutor.java:628)
	at java.base/java.lang.Thread.run(Thread.java:829)
[2025-07-20 07:55:05,975] INFO [Consumer clientId=connector-consumer-s3-sink-transactions-0, groupId=connect-s3-sink-transactions] Seeking to offset 0 for partition transactions-5 (org.apache.kafka.clients.consumer.KafkaConsumer)
[2025-07-20 07:55:05,975] INFO [Consumer clientId=connector-consumer-s3-sink-transactions-0, groupId=connect-s3-sink-transactions] Seeking to offset 0 for partition transactions-3 (org.apache.kafka.clients.consumer.KafkaConsumer)
[2025-07-20 07:55:05,975] INFO [Consumer clientId=connector-consumer-s3-sink-transactions-0, groupId=connect-s3-sink-transactions] Seeking to offset 0 for partition transactions-4 (org.apache.kafka.clients.consumer.KafkaConsumer)
[2025-07-20 07:55:05,976] INFO [Consumer clientId=connector-consumer-s3-sink-transactions-0, groupId=connect-s3-sink-transactions] Seeking to offset 0 for partition transactions-1 (org.apache.kafka.clients.consumer.KafkaConsumer)
[2025-07-20 07:55:05,976] INFO [Consumer clientId=connector-consumer-s3-sink-transactions-0, groupId=connect-s3-sink-transactions] Seeking to offset 0 for partition transactions-2 (org.apache.kafka.clients.consumer.KafkaConsumer)
[2025-07-20 07:55:05,976] INFO [Consumer clientId=connector-consumer-s3-sink-transactions-0, groupId=connect-s3-sink-transactions] Seeking to offset 0 for partition transactions-0 (org.apache.kafka.clients.consumer.KafkaConsumer)
[2025-07-20 07:55:05,976] ERROR WorkerSinkTask{id=s3-sink-transactions-0} Commit of offsets threw an unexpected exception for sequence number 9: null (org.apache.kafka.connect.runtime.WorkerSinkTask)
com.amazonaws.services.s3.model.AmazonS3Exception: The AWS Access Key Id you provided does not exist in our records. (Service: Amazon S3; Status Code: 403; Error Code: InvalidAccessKeyId; Request ID: 1VJPWVWQXV8YPWPX; S3 Extended Request ID: XlCC1+wzEan3/xlsvejrUjyyKJ0QIvNkskpzNHIqsPwUd1uIJ4d3tei/t+QuSY2gAGSX0GIoXH/E70LRSdoEcmhyjAZKaQRcNKSl5qcP0gM=; Proxy: null), S3 Extended Request ID: XlCC1+wzEan3/xlsvejrUjyyKJ0QIvNkskpzNHIqsPwUd1uIJ4d3tei/t+QuSY2gAGSX0GIoXH/E70LRSdoEcmhyjAZKaQRcNKSl5qcP0gM=
	at com.amazonaws.http.AmazonHttpClient$RequestExecutor.handleErrorResponse(AmazonHttpClient.java:1912)
	at com.amazonaws.http.AmazonHttpClient$RequestExecutor.handleServiceErrorResponse(AmazonHttpClient.java:1450)
	at com.amazonaws.http.AmazonHttpClient$RequestExecutor.executeOneRequest(AmazonHttpClient.java:1419)
	at com.amazonaws.http.AmazonHttpClient$RequestExecutor.executeHelper(AmazonHttpClient.java:1183)
	at com.amazonaws.http.AmazonHttpClient$RequestExecutor.doExecute(AmazonHttpClient.java:838)
	at com.amazonaws.http.AmazonHttpClient$RequestExecutor.executeWithTimer(AmazonHttpClient.java:805)
	at com.amazonaws.http.AmazonHttpClient$RequestExecutor.execute(AmazonHttpClient.java:779)
	at com.amazonaws.http.AmazonHttpClient$RequestExecutor.access$500(AmazonHttpClient.java:735)
	at com.amazonaws.http.AmazonHttpClient$RequestExecutionBuilderImpl.execute(AmazonHttpClient.java:717)
	at com.amazonaws.http.AmazonHttpClient.execute(AmazonHttpClient.java:581)
	at com.amazonaws.http.AmazonHttpClient.execute(AmazonHttpClient.java:559)
	at com.amazonaws.services.s3.AmazonS3Client.invoke(AmazonS3Client.java:5590)
	at com.amazonaws.services.s3.AmazonS3Client.invoke(AmazonS3Client.java:5537)
	at com.amazonaws.services.s3.AmazonS3Client.initiateMultipartUpload(AmazonS3Client.java:3838)
	at io.aiven.kafka.connect.s3.S3OutputStream.newMultipartUpload(S3OutputStream.java:107)
	at io.aiven.kafka.connect.s3.S3OutputStream.write(S3OutputStream.java:89)
	at java.base/java.io.OutputStream.write(OutputStream.java:122)
	at java.base/java.util.zip.GZIPOutputStream.writeHeader(GZIPOutputStream.java:189)
	at java.base/java.util.zip.GZIPOutputStream.<init>(GZIPOutputStream.java:95)
	at java.base/java.util.zip.GZIPOutputStream.<init>(GZIPOutputStream.java:132)
	at io.aiven.kafka.connect.common.config.CompressionType.lambda$static$2(CompressionType.java:40)
	at io.aiven.kafka.connect.common.config.CompressionType.compress(CompressionType.java:151)
	at io.aiven.kafka.connect.common.output.OutputWriter$Builder.build(OutputWriter.java:146)
	at io.aiven.kafka.connect.s3.S3SinkTask.flushFile(S3SinkTask.java:138)
	at java.base/java.util.HashMap.forEach(HashMap.java:1337)
	at java.base/java.util.Collections$UnmodifiableMap.forEach(Collections.java:1505)
	at io.aiven.kafka.connect.s3.S3SinkTask.flush(S3SinkTask.java:120)
	at org.apache.kafka.connect.sink.SinkTask.preCommit(SinkTask.java:139)
	at org.apache.kafka.connect.runtime.WorkerSinkTask.commitOffsets(WorkerSinkTask.java:425)
	at org.apache.kafka.connect.runtime.WorkerSinkTask.commitOffsets(WorkerSinkTask.java:395)
	at org.apache.kafka.connect.runtime.WorkerSinkTask.iteration(WorkerSinkTask.java:234)
	at org.apache.kafka.connect.runtime.WorkerSinkTask.execute(WorkerSinkTask.java:219)
	at org.apache.kafka.connect.runtime.WorkerTask.doRun(WorkerTask.java:204)
	at org.apache.kafka.connect.runtime.WorkerTask.run(WorkerTask.java:259)
	at org.apache.kafka.connect.runtime.isolation.Plugins.lambda$withClassLoader$1(Plugins.java:236)
	at java.base/java.util.concurrent.Executors$RunnableAdapter.call(Executors.java:515)
	at java.base/java.util.concurrent.FutureTask.run(FutureTask.java:264)
	at java.base/java.util.concurrent.ThreadPoolExecutor.runWorker(ThreadPoolExecutor.java:1128)
	at java.base/java.util.concurrent.ThreadPoolExecutor$Worker.run(ThreadPoolExecutor.java:628)
	at java.base/java.lang.Thread.run(Thread.java:829)
[2025-07-20 07:55:06,002] INFO Processing 500 records (io.aiven.kafka.connect.s3.AivenKafkaConnectS3SinkConnector)
[2025-07-20 07:55:06,004] INFO Processing 500 records (io.aiven.kafka.connect.s3.AivenKafkaConnectS3SinkConnector)
[2025-07-20 07:55:06,005] INFO Processing 500 records (io.aiven.kafka.connect.s3.AivenKafkaConnectS3SinkConnector)
[2025-07-20 07:55:06,008] INFO Processing 500 records (io.aiven.kafka.connect.s3.AivenKafkaConnectS3SinkConnector)
[2025-07-20 07:55:06,010] INFO Processing 500 records (io.aiven.kafka.connect.s3.AivenKafkaConnectS3SinkConnector)
[2025-07-20 07:55:06,014] INFO Processing 500 records (io.aiven.kafka.connect.s3.AivenKafkaConnectS3SinkConnector)
[2025-07-20 07:55:06,018] INFO Processing 500 records (io.aiven.kafka.connect.s3.AivenKafkaConnectS3SinkConnector)
[2025-07-20 07:55:06,021] INFO Processing 500 records (io.aiven.kafka.connect.s3.AivenKafkaConnectS3SinkConnector)
[2025-07-20 07:55:06,024] INFO Processing 500 records (io.aiven.kafka.connect.s3.AivenKafkaConnectS3SinkConnector)
[2025-07-20 07:55:06,027] INFO Processing 500 records (io.aiven.kafka.connect.s3.AivenKafkaConnectS3SinkConnector)
[2025-07-20 07:55:06,029] INFO Processing 500 records (io.aiven.kafka.connect.s3.AivenKafkaConnectS3SinkConnector)
[2025-07-20 07:55:06,031] INFO Processing 500 records (io.aiven.kafka.connect.s3.AivenKafkaConnectS3SinkConnector)
[2025-07-20 07:55:06,033] INFO Processing 500 records (io.aiven.kafka.connect.s3.AivenKafkaConnectS3SinkConnector)
[2025-07-20 07:55:06,035] INFO Processing 500 records (io.aiven.kafka.connect.s3.AivenKafkaConnectS3SinkConnector)
[2025-07-20 07:55:06,037] INFO Processing 500 records (io.aiven.kafka.connect.s3.AivenKafkaConnectS3SinkConnector)
[2025-07-20 07:55:06,038] INFO Processing 500 records (io.aiven.kafka.connect.s3.AivenKafkaConnectS3SinkConnector)
[2025-07-20 07:55:06,040] INFO Processing 500 records (io.aiven.kafka.connect.s3.AivenKafkaConnectS3SinkConnector)
[2025-07-20 07:55:06,041] INFO Processing 500 records (io.aiven.kafka.connect.s3.AivenKafkaConnectS3SinkConnector)
[2025-07-20 07:55:06,043] INFO Processing 500 records (io.aiven.kafka.connect.s3.AivenKafkaConnectS3SinkConnector)
[2025-07-20 07:55:06,044] INFO Processing 500 records (io.aiven.kafka.connect.s3.AivenKafkaConnectS3SinkConnector)
[2025-07-20 07:55:06,087] INFO Processing 500 records (io.aiven.kafka.connect.s3.AivenKafkaConnectS3SinkConnector)
[2025-07-20 07:55:06,089] INFO Processing 500 records (io.aiven.kafka.connect.s3.AivenKafkaConnectS3SinkConnector)
[2025-07-20 07:55:06,105] INFO Processing 500 records (io.aiven.kafka.connect.s3.AivenKafkaConnectS3SinkConnector)
[2025-07-20 07:55:06,108] INFO Processing 500 records (io.aiven.kafka.connect.s3.AivenKafkaConnectS3SinkConnector)
[2025-07-20 07:55:06,112] INFO Processing 500 records (io.aiven.kafka.connect.s3.AivenKafkaConnectS3SinkConnector)
[2025-07-20 07:55:06,113] INFO Processing 500 records (io.aiven.kafka.connect.s3.AivenKafkaConnectS3SinkConnector)
[2025-07-20 07:55:06,115] INFO Processing 500 records (io.aiven.kafka.connect.s3.AivenKafkaConnectS3SinkConnector)
[2025-07-20 07:55:06,131] INFO Processing 500 records (io.aiven.kafka.connect.s3.AivenKafkaConnectS3SinkConnector)
[2025-07-20 07:55:06,133] INFO Processing 500 records (io.aiven.kafka.connect.s3.AivenKafkaConnectS3SinkConnector)
[2025-07-20 07:55:06,135] INFO Processing 500 records (io.aiven.kafka.connect.s3.AivenKafkaConnectS3SinkConnector)
[2025-07-20 07:55:06,136] INFO Processing 500 records (io.aiven.kafka.connect.s3.AivenKafkaConnectS3SinkConnector)
[2025-07-20 07:55:06,138] INFO Processing 500 records (io.aiven.kafka.connect.s3.AivenKafkaConnectS3SinkConnector)
[2025-07-20 07:55:06,139] INFO Processing 500 records (io.aiven.kafka.connect.s3.AivenKafkaConnectS3SinkConnector)
[2025-07-20 07:55:06,141] INFO Processing 500 records (io.aiven.kafka.connect.s3.AivenKafkaConnectS3SinkConnector)
[2025-07-20 07:55:06,142] INFO Processing 500 records (io.aiven.kafka.connect.s3.AivenKafkaConnectS3SinkConnector)
[2025-07-20 07:55:06,144] INFO Processing 500 records (io.aiven.kafka.connect.s3.AivenKafkaConnectS3SinkConnector)
[2025-07-20 07:55:06,145] INFO Processing 500 records (io.aiven.kafka.connect.s3.AivenKafkaConnectS3SinkConnector)
