[2025-07-20 07:55:05,427] INFO Processing 1 records (io.aiven.kafka.connect.s3.AivenKafkaConnectS3SinkConnector)
[2025-07-20 07:55:05,428] INFO Processing 1 records (io.aiven.kafka.connect.s3.AivenKafkaConnectS3SinkConnector)
[2025-07-20 07:55:05,432] INFO Processing 1 records (io.aiven.kafka.connect.s3.AivenKafkaConnectS3SinkConnector)
[2025-07-20 07:55:05,436] INFO Processing 1 records (io.aiven.kafka.connect.s3.AivenKafkaConnectS3SinkConnector)
[2025-07-20 07:55:05,437] INFO Processing 1 records (io.aiven.kafka.connect.s3.AivenKafkaConnectS3SinkConnector)
[2025-07-20 07:55:05,439] INFO Processing 1 records (io.aiven.kafka.connect.s3.AivenKafkaConnectS3SinkConnector)
[2025-07-20 07:55:05,440] INFO Processing 1 records (io.aiven.kafka.connect.s3.AivenKafkaConnectS3SinkConnector)
[2025-07-20 07:55:05,443] INFO Processing 3 records (io.aiven.kafka.connect.s3.AivenKafkaConnectS3SinkConnector)
[2025-07-20 07:55:05,452] INFO Processing 1 records (io.aiven.kafka.connect.s3.AivenKafkaConnectS3SinkConnector)
[2025-07-20 07:55:05,453] INFO Processing 1 records (io.aiven.kafka.connect.s3.AivenKafkaConnectS3SinkConnector)
[2025-07-20 07:55:05,453] INFO Processing 2 records (io.aiven.kafka.connect.s3.AivenKafkaConnectS3SinkConnector)
[2025-07-20 07:55:05,459] INFO Processing 1 records (io.aiven.kafka.connect.s3.AivenKafkaConnectS3SinkConnector)
[2025-07-20 07:55:05,461] INFO Processing 1 records (io.aiven.kafka.connect.s3.AivenKafkaConnectS3SinkConnector)
[2025-07-20 07:55:05,463] INFO Processing 2 records (io.aiven.kafka.connect.s3.AivenKafkaConnectS3SinkConnector)
[2025-07-20 07:55:05,466] INFO Processing 1 records (io.aiven.kafka.connect.s3.AivenKafkaConnectS3SinkConnector)
[2025-07-20 07:55:05,470] INFO Processing 3 records (io.aiven.kafka.connect.s3.AivenKafkaConnectS3SinkConnector)
[2025-07-20 07:55:05,471] INFO Processing 2 records (io.aiven.kafka.connect.s3.AivenKafkaConnectS3SinkConnector)
[2025-07-20 07:55:05,481] INFO Processing 2 records (io.aiven.kafka.connect.s3.AivenKafkaConnectS3SinkConnector)
[2025-07-20 07:55:05,483] INFO Processing 1 records (io.aiven.kafka.connect.s3.AivenKafkaConnectS3SinkConnector)
[2025-07-20 07:55:05,485] INFO Processing 2 records (io.aiven.kafka.connect.s3.AivenKafkaConnectS3SinkConnector)
[2025-07-20 07:55:05,496] INFO Processing 1 records (io.aiven.kafka.connect.s3.AivenKafkaConnectS3SinkConnector)
[2025-07-20 07:55:05,496] INFO Processing 1 records (io.aiven.kafka.connect.s3.AivenKafkaConnectS3SinkConnector)
[2025-07-20 07:55:05,500] INFO Processing 1 records (io.aiven.kafka.connect.s3.AivenKafkaConnectS3SinkConnector)
[2025-07-20 07:55:05,502] INFO Processing 1 records (io.aiven.kafka.connect.s3.AivenKafkaConnectS3SinkConnector)
[2025-07-20 07:55:05,504] INFO Processing 1 records (io.aiven.kafka.connect.s3.AivenKafkaConnectS3SinkConnector)
[2025-07-20 07:55:05,506] INFO Processing 3 records (io.aiven.kafka.connect.s3.AivenKafkaConnectS3SinkConnector)
[2025-07-20 07:55:05,514] INFO Processing 2 records (io.aiven.kafka.connect.s3.AivenKafkaConnectS3SinkConnector)
[2025-07-20 07:55:05,520] INFO Processing 1 records (io.aiven.kafka.connect.s3.AivenKafkaConnectS3SinkConnector)
[2025-07-20 07:55:05,521] INFO Processing 1 records (io.aiven.kafka.connect.s3.AivenKafkaConnectS3SinkConnector)
[2025-07-20 07:55:05,521] INFO Processing 2 records (io.aiven.kafka.connect.s3.AivenKafkaConnectS3SinkConnector)
[2025-07-20 07:55:05,529] INFO Processing 2 records (io.aiven.kafka.connect.s3.AivenKafkaConnectS3SinkConnector)
[2025-07-20 07:55:05,539] INFO Processing 2 records (io.aiven.kafka.connect.s3.AivenKafkaConnectS3SinkConnector)
[2025-07-20 07:55:05,539] INFO Processing 2 records (io.aiven.kafka.connect.s3.AivenKafkaConnectS3SinkConnector)
[2025-07-20 07:55:05,551] INFO Processing 1 records (io.aiven.kafka.connect.s3.AivenKafkaConnectS3SinkConnector)
[2025-07-20 07:55:05,552] INFO Processing 1 records (io.aiven.kafka.connect.s3.AivenKafkaConnectS3SinkConnector)
[2025-07-20 07:55:05,557] INFO Processing 1 records (io.aiven.kafka.connect.s3.AivenKafkaConnectS3SinkConnector)
[2025-07-20 07:55:05,559] INFO Processing 1 records (io.aiven.kafka.connect.s3.AivenKafkaConnectS3SinkConnector)
[2025-07-20 07:55:05,561] INFO Processing 1 records (io.aiven.kafka.connect.s3.AivenKafkaConnectS3SinkConnector)
[2025-07-20 07:55:05,563] INFO Processing 1 records (io.aiven.kafka.connect.s3.AivenKafkaConnectS3SinkConnector)
[2025-07-20 07:55:05,565] INFO Processing 1 records (io.aiven.kafka.connect.s3.AivenKafkaConnectS3SinkConnector)
[2025-07-20 07:55:05,567] INFO Processing 1 records (io.aiven.kafka.connect.s3.AivenKafkaConnectS3SinkConnector)
[2025-07-20 07:55:05,569] INFO Processing 2 records (io.aiven.kafka.connect.s3.AivenKafkaConnectS3SinkConnector)
[2025-07-20 07:55:05,573] INFO Processing 1 records (io.aiven.kafka.connect.s3.AivenKafkaConnectS3SinkConnector)
[2025-07-20 07:55:05,851] INFO [Consumer clientId=connector-consumer-s3-sink-transactions-0, groupId=connect-s3-sink-transactions] Node -1 disconnected. (org.apache.kafka.clients.NetworkClient)
[2025-07-20 07:55:05,974] ERROR WorkerSinkTask{id=s3-sink-transactions-0} Offset commit failed, rewinding to last committed offsets (org.apache.kafka.connect.runtime.WorkerSinkTask)
com.amazonaws.services.s3.model.AmazonS3Exception: The AWS Access Key Id you provided does not exist in our records. (Service: Amazon S3; Status Code: 403; Error Code: InvalidAccessKeyId; Request ID: 1VJPWVWQXV8YPWPX; S3 Extended Request ID: XlCC1+wzEan3/xlsvejrUjyyKJ0QIvNkskpzNHIqsPwUd1uIJ4d3tei/t+QuSY2gAGSX0GIoXH/E70LRSdoEcmhyjAZKaQRcNKSl5qcP0gM=; Proxy: null), S3 Extended Request ID: XlCC1+wzEan3/xlsvejrUjyyKJ0QIvNkskpzNHIqsPwUd1uIJ4d3tei/t+QuSY2gAGSX0GIoXH/E70LRSdoEcmhyjAZKaQRcNKSl5qcP0gM=
	at com.amazonaws.http.AmazonHttpClient$RequestExecutor.handleErrorResponse(AmazonHttpClient.java:1912)
	at com.amazonaws.http.AmazonHttpClient$RequestExecutor.handleServiceErrorResponse(AmazonHttpClient.java:1450)
	at com.amazonaws.http.AmazonHttpClient$RequestExecutor.executeOneRequest(AmazonHttpClient.java:1419)
	at com.amazonaws.http.AmazonHttpClient$RequestExecutor.executeHelper(AmazonHttpClient.java:1183)
	at com.amazonaws.http.AmazonHttpClient$RequestExecutor.doExecute(AmazonHttpClient.java:838)
	at com.amazonaws.http.AmazonHttpClient$RequestExecutor.executeWithTimer(AmazonHttpClient.java:805)
	at com.amazonaws.http.AmazonHttpClient$RequestExecutor.execute(AmazonHttpClient.java:779)
	at com.amazonaws.http.AmazonHttpClient$RequestExecutor.access$500(AmazonHttpClient.java:735)
	at com.amazonaws.http.AmazonHttpClient$RequestExecutionBuilderImpl.execute(AmazonHttpClient.java:717)
	at com.amazonaws.http.AmazonHttpClient.execute(AmazonHttpClient.java:581)
	at com.amazonaws.http.AmazonHttpClient.execute(AmazonHttpClient.java:559)
	at com.amazonaws.services.s3.AmazonS3Client.invoke(AmazonS3Client.java:5590)
	at com.amazonaws.services.s3.AmazonS3Client.invoke(AmazonS3Client.java:5537)
	at com.amazonaws.services.s3.AmazonS3Client.initiateMultipartUpload(AmazonS3Client.java:3838)
	at io.aiven.kafka.connect.s3.S3OutputStream.newMultipartUpload(S3OutputStream.java:107)
	at io.aiven.kafka.connect.s3.S3OutputStream.write(S3OutputStream.java:89)
	at java.base/java.io.OutputStream.write(OutputStream.java:122)
	at java.base/java.util.zip.GZIPOutputStream.writeHeader(GZIPOutputStream.java:189)
	at java.base/java.util.zip.GZIPOutputStream.<init>(GZIPOutputStream.java:95)
	at java.base/java.util.zip.GZIPOutputStream.<init>(GZIPOutputStream.java:132)
	at io.aiven.kafka.connect.common.config.CompressionType.lambda$static$2(CompressionType.java:40)
	at io.aiven.kafka.connect.common.config.CompressionType.compress(CompressionType.java:151)
	at io.aiven.kafka.connect.common.output.OutputWriter$Builder.build(OutputWriter.java:146)
	at io.aiven.kafka.connect.s3.S3SinkTask.flushFile(S3SinkTask.java:138)
	at java.base/java.util.HashMap.forEach(HashMap.java:1337)
	at java.base/java.util.Collections$UnmodifiableMap.forEach(Collections.java:1505)
	at io.aiven.kafka.connect.s3.S3SinkTask.flush(S3SinkTask.java:120)
	at org.apache.kafka.connect.sink.SinkTask.preCommit(SinkTask.java:139)
	at org.apache.kafka.connect.runtime.WorkerSinkTask.commitOffsets(WorkerSinkTask.java:425)
	at org.apache.kafka.connect.runtime.WorkerSinkTask.commitOffsets(WorkerSinkTask.java:395)
	at org.apache.kafka.connect.runtime.WorkerSinkTask.iteration(WorkerSinkTask.java:234)
	at org.apache.kafka.connect.runtime.WorkerSinkTask.execute(WorkerSinkTask.java:219)
	at org.apache.kafka.connect.runtime.WorkerTask.doRun(WorkerTask.java:204)
	at org.apache.kafka.connect.runtime.WorkerTask.run(WorkerTask.java:259)
	at org.apache.kafka.connect.runtime.isolation.Plugins.lambda$withClassLoader$1(Plugins.java:236)
	at java.base/java.util.concurrent.Executors$RunnableAdapter.call(Executors.java:515)
	at java.base/java.util.concurrent.FutureTask.run(FutureTask.java:264)
	at java.base/java.util.concurrent.ThreadPoolExecutor.runWorker(ThreadPoolExecutor.java:1128)
	at java.base/java.util.concurrent.ThreadPoolExecutor$Worker.run(ThreadPoolExecutor.java:628)
	at java.base/java.lang.Thread.run(Thread.java:829)
[2025-07-20 07:55:05,975] INFO [Consumer clientId=connector-consumer-s3-sink-transactions-0, groupId=connect-s3-sink-transactions] Seeking to offset 0 for partition transactions-5 (org.apache.kafka.clients.consumer.KafkaConsumer)
[2025-07-20 07:55:05,975] INFO [Consumer clientId=connector-consumer-s3-sink-transactions-0, groupId=connect-s3-sink-transactions] Seeking to offset 0 for partition transactions-3 (org.apache.kafka.clients.consumer.KafkaConsumer)
[2025-07-20 07:55:05,975] INFO [Consumer clientId=connector-consumer-s3-sink-transactions-0, groupId=connect-s3-sink-transactions] Seeking to offset 0 for partition transactions-4 (org.apache.kafka.clients.consumer.KafkaConsumer)
[2025-07-20 07:55:05,976] INFO [Consumer clientId=connector-consumer-s3-sink-transactions-0, groupId=connect-s3-sink-transactions] Seeking to offset 0 for partition transactions-1 (org.apache.kafka.clients.consumer.KafkaConsumer)
[2025-07-20 07:55:05,976] INFO [Consumer clientId=connector-consumer-s3-sink-transactions-0, groupId=connect-s3-sink-transactions] Seeking to offset 0 for partition transactions-2 (org.apache.kafka.clients.consumer.KafkaConsumer)
[2025-07-20 07:55:05,976] INFO [Consumer clientId=connector-consumer-s3-sink-transactions-0, groupId=connect-s3-sink-transactions] Seeking to offset 0 for partition transactions-0 (org.apache.kafka.clients.consumer.KafkaConsumer)
[2025-07-20 07:55:05,976] ERROR WorkerSinkTask{id=s3-sink-transactions-0} Commit of offsets threw an unexpected exception for sequence number 9: null (org.apache.kafka.connect.runtime.WorkerSinkTask)
com.amazonaws.services.s3.model.AmazonS3Exception: The AWS Access Key Id you provided does not exist in our records. (Service: Amazon S3; Status Code: 403; Error Code: InvalidAccessKeyId; Request ID: 1VJPWVWQXV8YPWPX; S3 Extended Request ID: XlCC1+wzEan3/xlsvejrUjyyKJ0QIvNkskpzNHIqsPwUd1uIJ4d3tei/t+QuSY2gAGSX0GIoXH/E70LRSdoEcmhyjAZKaQRcNKSl5qcP0gM=; Proxy: null), S3 Extended Request ID: XlCC1+wzEan3/xlsvejrUjyyKJ0QIvNkskpzNHIqsPwUd1uIJ4d3tei/t+QuSY2gAGSX0GIoXH/E70LRSdoEcmhyjAZKaQRcNKSl5qcP0gM=
	at com.amazonaws.http.AmazonHttpClient$RequestExecutor.handleErrorResponse(AmazonHttpClient.java:1912)
	at com.amazonaws.http.AmazonHttpClient$RequestExecutor.handleServiceErrorResponse(AmazonHttpClient.java:1450)
	at com.amazonaws.http.AmazonHttpClient$RequestExecutor.executeOneRequest(AmazonHttpClient.java:1419)
	at com.amazonaws.http.AmazonHttpClient$RequestExecutor.executeHelper(AmazonHttpClient.java:1183)
	at com.amazonaws.http.AmazonHttpClient$RequestExecutor.doExecute(AmazonHttpClient.java:838)
	at com.amazonaws.http.AmazonHttpClient$RequestExecutor.executeWithTimer(AmazonHttpClient.java:805)
	at com.amazonaws.http.AmazonHttpClient$RequestExecutor.execute(AmazonHttpClient.java:779)
	at com.amazonaws.http.AmazonHttpClient$RequestExecutor.access$500(AmazonHttpClient.java:735)
	at com.amazonaws.http.AmazonHttpClient$RequestExecutionBuilderImpl.execute(AmazonHttpClient.java:717)
	at com.amazonaws.http.AmazonHttpClient.execute(AmazonHttpClient.java:581)
	at com.amazonaws.http.AmazonHttpClient.execute(AmazonHttpClient.java:559)
	at com.amazonaws.services.s3.AmazonS3Client.invoke(AmazonS3Client.java:5590)
	at com.amazonaws.services.s3.AmazonS3Client.invoke(AmazonS3Client.java:5537)
	at com.amazonaws.services.s3.AmazonS3Client.initiateMultipartUpload(AmazonS3Client.java:3838)
	at io.aiven.kafka.connect.s3.S3OutputStream.newMultipartUpload(S3OutputStream.java:107)
	at io.aiven.kafka.connect.s3.S3OutputStream.write(S3OutputStream.java:89)
	at java.base/java.io.OutputStream.write(OutputStream.java:122)
	at java.base/java.util.zip.GZIPOutputStream.writeHeader(GZIPOutputStream.java:189)
	at java.base/java.util.zip.GZIPOutputStream.<init>(GZIPOutputStream.java:95)
	at java.base/java.util.zip.GZIPOutputStream.<init>(GZIPOutputStream.java:132)
	at io.aiven.kafka.connect.common.config.CompressionType.lambda$static$2(CompressionType.java:40)
	at io.aiven.kafka.connect.common.config.CompressionType.compress(CompressionType.java:151)
	at io.aiven.kafka.connect.common.output.OutputWriter$Builder.build(OutputWriter.java:146)
	at io.aiven.kafka.connect.s3.S3SinkTask.flushFile(S3SinkTask.java:138)
	at java.base/java.util.HashMap.forEach(HashMap.java:1337)
	at java.base/java.util.Collections$UnmodifiableMap.forEach(Collections.java:1505)
	at io.aiven.kafka.connect.s3.S3SinkTask.flush(S3SinkTask.java:120)
	at org.apache.kafka.connect.sink.SinkTask.preCommit(SinkTask.java:139)
	at org.apache.kafka.connect.runtime.WorkerSinkTask.commitOffsets(WorkerSinkTask.java:425)
	at org.apache.kafka.connect.runtime.WorkerSinkTask.commitOffsets(WorkerSinkTask.java:395)
	at org.apache.kafka.connect.runtime.WorkerSinkTask.iteration(WorkerSinkTask.java:234)
	at org.apache.kafka.connect.runtime.WorkerSinkTask.execute(WorkerSinkTask.java:219)
	at org.apache.kafka.connect.runtime.WorkerTask.doRun(WorkerTask.java:204)
	at org.apache.kafka.connect.runtime.WorkerTask.run(WorkerTask.java:259)
	at org.apache.kafka.connect.runtime.isolation.Plugins.lambda$withClassLoader$1(Plugins.java:236)
	at java.base/java.util.concurrent.Executors$RunnableAdapter.call(Executors.java:515)
	at java.base/java.util.concurrent.FutureTask.run(FutureTask.java:264)
	at java.base/java.util.concurrent.ThreadPoolExecutor.runWorker(ThreadPoolExecutor.java:1128)
	at java.base/java.util.concurrent.ThreadPoolExecutor$Worker.run(ThreadPoolExecutor.java:628)
	at java.base/java.lang.Thread.run(Thread.java:829)
[2025-07-20 07:55:06,002] INFO Processing 500 records (io.aiven.kafka.connect.s3.AivenKafkaConnectS3SinkConnector)
[2025-07-20 07:55:06,004] INFO Processing 500 records (io.aiven.kafka.connect.s3.AivenKafkaConnectS3SinkConnector)
[2025-07-20 07:55:06,005] INFO Processing 500 records (io.aiven.kafka.connect.s3.AivenKafkaConnectS3SinkConnector)
[2025-07-20 07:55:06,008] INFO Processing 500 records (io.aiven.kafka.connect.s3.AivenKafkaConnectS3SinkConnector)
[2025-07-20 07:55:06,010] INFO Processing 500 records (io.aiven.kafka.connect.s3.AivenKafkaConnectS3SinkConnector)
[2025-07-20 07:55:06,014] INFO Processing 500 records (io.aiven.kafka.connect.s3.AivenKafkaConnectS3SinkConnector)
[2025-07-20 07:55:06,018] INFO Processing 500 records (io.aiven.kafka.connect.s3.AivenKafkaConnectS3SinkConnector)
[2025-07-20 07:55:06,021] INFO Processing 500 records (io.aiven.kafka.connect.s3.AivenKafkaConnectS3SinkConnector)
[2025-07-20 07:55:06,024] INFO Processing 500 records (io.aiven.kafka.connect.s3.AivenKafkaConnectS3SinkConnector)
[2025-07-20 07:55:06,027] INFO Processing 500 records (io.aiven.kafka.connect.s3.AivenKafkaConnectS3SinkConnector)
[2025-07-20 07:55:06,029] INFO Processing 500 records (io.aiven.kafka.connect.s3.AivenKafkaConnectS3SinkConnector)
[2025-07-20 07:55:06,031] INFO Processing 500 records (io.aiven.kafka.connect.s3.AivenKafkaConnectS3SinkConnector)
[2025-07-20 07:55:06,033] INFO Processing 500 records (io.aiven.kafka.connect.s3.AivenKafkaConnectS3SinkConnector)
[2025-07-20 07:55:06,035] INFO Processing 500 records (io.aiven.kafka.connect.s3.AivenKafkaConnectS3SinkConnector)
[2025-07-20 07:55:06,037] INFO Processing 500 records (io.aiven.kafka.connect.s3.AivenKafkaConnectS3SinkConnector)
[2025-07-20 07:55:06,038] INFO Processing 500 records (io.aiven.kafka.connect.s3.AivenKafkaConnectS3SinkConnector)
[2025-07-20 07:55:06,040] INFO Processing 500 records (io.aiven.kafka.connect.s3.AivenKafkaConnectS3SinkConnector)
[2025-07-20 07:55:06,041] INFO Processing 500 records (io.aiven.kafka.connect.s3.AivenKafkaConnectS3SinkConnector)
[2025-07-20 07:55:06,043] INFO Processing 500 records (io.aiven.kafka.connect.s3.AivenKafkaConnectS3SinkConnector)
[2025-07-20 07:55:06,044] INFO Processing 500 records (io.aiven.kafka.connect.s3.AivenKafkaConnectS3SinkConnector)
[2025-07-20 07:55:06,087] INFO Processing 500 records (io.aiven.kafka.connect.s3.AivenKafkaConnectS3SinkConnector)
[2025-07-20 07:55:06,089] INFO Processing 500 records (io.aiven.kafka.connect.s3.AivenKafkaConnectS3SinkConnector)
[2025-07-20 07:55:06,105] INFO Processing 500 records (io.aiven.kafka.connect.s3.AivenKafkaConnectS3SinkConnector)
[2025-07-20 07:55:06,108] INFO Processing 500 records (io.aiven.kafka.connect.s3.AivenKafkaConnectS3SinkConnector)
[2025-07-20 07:55:06,112] INFO Processing 500 records (io.aiven.kafka.connect.s3.AivenKafkaConnectS3SinkConnector)
[2025-07-20 07:55:06,113] INFO Processing 500 records (io.aiven.kafka.connect.s3.AivenKafkaConnectS3SinkConnector)
[2025-07-20 07:55:06,115] INFO Processing 500 records (io.aiven.kafka.connect.s3.AivenKafkaConnectS3SinkConnector)
[2025-07-20 07:55:06,131] INFO Processing 500 records (io.aiven.kafka.connect.s3.AivenKafkaConnectS3SinkConnector)
[2025-07-20 07:55:06,133] INFO Processing 500 records (io.aiven.kafka.connect.s3.AivenKafkaConnectS3SinkConnector)
[2025-07-20 07:55:06,135] INFO Processing 500 records (io.aiven.kafka.connect.s3.AivenKafkaConnectS3SinkConnector)
[2025-07-20 07:55:06,136] INFO Processing 500 records (io.aiven.kafka.connect.s3.AivenKafkaConnectS3SinkConnector)
[2025-07-20 07:55:06,138] INFO Processing 500 records (io.aiven.kafka.connect.s3.AivenKafkaConnectS3SinkConnector)
[2025-07-20 07:55:06,139] INFO Processing 500 records (io.aiven.kafka.connect.s3.AivenKafkaConnectS3SinkConnector)
[2025-07-20 07:55:06,141] INFO Processing 500 records (io.aiven.kafka.connect.s3.AivenKafkaConnectS3SinkConnector)
[2025-07-20 07:55:06,142] INFO Processing 500 records (io.aiven.kafka.connect.s3.AivenKafkaConnectS3SinkConnector)
[2025-07-20 07:55:06,144] INFO Processing 500 records (io.aiven.kafka.connect.s3.AivenKafkaConnectS3SinkConnector)
[2025-07-20 07:55:06,145] INFO Processing 500 records (io.aiven.kafka.connect.s3.AivenKafkaConnectS3SinkConnector)
[2025-07-20 07:55:06,146] INFO Processing 31 records (io.aiven.kafka.connect.s3.AivenKafkaConnectS3SinkConnector)
[2025-07-20 07:55:06,149] INFO Processing 500 records (io.aiven.kafka.connect.s3.AivenKafkaConnectS3SinkConnector)
[2025-07-20 07:55:06,151] INFO Processing 500 records (io.aiven.kafka.connect.s3.AivenKafkaConnectS3SinkConnector)
[2025-07-20 07:55:06,152] INFO Processing 500 records (io.aiven.kafka.connect.s3.AivenKafkaConnectS3SinkConnector)
[2025-07-20 07:55:06,153] INFO Processing 500 records (io.aiven.kafka.connect.s3.AivenKafkaConnectS3SinkConnector)
[2025-07-20 07:55:06,155] INFO Processing 500 records (io.aiven.kafka.connect.s3.AivenKafkaConnectS3SinkConnector)
[2025-07-20 07:55:06,156] INFO Processing 500 records (io.aiven.kafka.connect.s3.AivenKafkaConnectS3SinkConnector)
[2025-07-20 07:55:06,158] INFO Processing 500 records (io.aiven.kafka.connect.s3.AivenKafkaConnectS3SinkConnector)
[2025-07-20 07:55:06,160] INFO Processing 500 records (io.aiven.kafka.connect.s3.AivenKafkaConnectS3SinkConnector)
[2025-07-20 07:55:06,161] INFO Processing 500 records (io.aiven.kafka.connect.s3.AivenKafkaConnectS3SinkConnector)
[2025-07-20 07:55:06,163] INFO Processing 500 records (io.aiven.kafka.connect.s3.AivenKafkaConnectS3SinkConnector)
[2025-07-20 07:55:06,164] INFO Processing 500 records (io.aiven.kafka.connect.s3.AivenKafkaConnectS3SinkConnector)
[2025-07-20 07:55:06,166] INFO Processing 500 records (io.aiven.kafka.connect.s3.AivenKafkaConnectS3SinkConnector)
[2025-07-20 07:55:06,167] INFO Processing 500 records (io.aiven.kafka.connect.s3.AivenKafkaConnectS3SinkConnector)
[2025-07-20 07:55:06,169] INFO Processing 500 records (io.aiven.kafka.connect.s3.AivenKafkaConnectS3SinkConnector)
[2025-07-20 07:55:06,170] INFO Processing 500 records (io.aiven.kafka.connect.s3.AivenKafkaConnectS3SinkConnector)
[2025-07-20 07:55:06,172] INFO Processing 295 records (io.aiven.kafka.connect.s3.AivenKafkaConnectS3SinkConnector)
[2025-07-20 07:55:06,176] INFO Processing 500 records (io.aiven.kafka.connect.s3.AivenKafkaConnectS3SinkConnector)
[2025-07-20 07:55:06,194] INFO Processing 500 records (io.aiven.kafka.connect.s3.AivenKafkaConnectS3SinkConnector)
[2025-07-20 07:55:06,198] INFO Processing 500 records (io.aiven.kafka.connect.s3.AivenKafkaConnectS3SinkConnector)
[2025-07-20 07:55:06,203] INFO Processing 500 records (io.aiven.kafka.connect.s3.AivenKafkaConnectS3SinkConnector)
[2025-07-20 07:55:06,205] INFO Processing 500 records (io.aiven.kafka.connect.s3.AivenKafkaConnectS3SinkConnector)
[2025-07-20 07:55:06,207] INFO Processing 500 records (io.aiven.kafka.connect.s3.AivenKafkaConnectS3SinkConnector)
[2025-07-20 07:55:06,208] INFO Processing 500 records (io.aiven.kafka.connect.s3.AivenKafkaConnectS3SinkConnector)
[2025-07-20 07:55:06,210] INFO Processing 500 records (io.aiven.kafka.connect.s3.AivenKafkaConnectS3SinkConnector)
[2025-07-20 07:55:06,212] INFO Processing 500 records (io.aiven.kafka.connect.s3.AivenKafkaConnectS3SinkConnector)
[2025-07-20 07:55:06,213] INFO Processing 500 records (io.aiven.kafka.connect.s3.AivenKafkaConnectS3SinkConnector)
[2025-07-20 07:55:06,215] INFO Processing 500 records (io.aiven.kafka.connect.s3.AivenKafkaConnectS3SinkConnector)
[2025-07-20 07:55:06,216] INFO Processing 500 records (io.aiven.kafka.connect.s3.AivenKafkaConnectS3SinkConnector)
[2025-07-20 07:55:06,218] INFO Processing 500 records (io.aiven.kafka.connect.s3.AivenKafkaConnectS3SinkConnector)
[2025-07-20 07:55:06,219] INFO Processing 500 records (io.aiven.kafka.connect.s3.AivenKafkaConnectS3SinkConnector)
[2025-07-20 07:55:06,221] INFO Processing 500 records (io.aiven.kafka.connect.s3.AivenKafkaConnectS3SinkConnector)
[2025-07-20 07:55:06,222] INFO Processing 315 records (io.aiven.kafka.connect.s3.AivenKafkaConnectS3SinkConnector)
[2025-07-20 07:55:06,225] INFO Processing 500 records (io.aiven.kafka.connect.s3.AivenKafkaConnectS3SinkConnector)
[2025-07-20 07:55:06,226] INFO Processing 500 records (io.aiven.kafka.connect.s3.AivenKafkaConnectS3SinkConnector)
[2025-07-20 07:55:06,228] INFO Processing 500 records (io.aiven.kafka.connect.s3.AivenKafkaConnectS3SinkConnector)
[2025-07-20 07:55:06,229] INFO Processing 500 records (io.aiven.kafka.connect.s3.AivenKafkaConnectS3SinkConnector)
[2025-07-20 07:55:06,231] INFO Processing 500 records (io.aiven.kafka.connect.s3.AivenKafkaConnectS3SinkConnector)
[2025-07-20 07:55:06,233] INFO Processing 500 records (io.aiven.kafka.connect.s3.AivenKafkaConnectS3SinkConnector)
[2025-07-20 07:55:06,234] INFO Processing 500 records (io.aiven.kafka.connect.s3.AivenKafkaConnectS3SinkConnector)
[2025-07-20 07:55:06,236] INFO Processing 500 records (io.aiven.kafka.connect.s3.AivenKafkaConnectS3SinkConnector)
[2025-07-20 07:55:06,237] INFO Processing 500 records (io.aiven.kafka.connect.s3.AivenKafkaConnectS3SinkConnector)
[2025-07-20 07:55:06,239] INFO Processing 500 records (io.aiven.kafka.connect.s3.AivenKafkaConnectS3SinkConnector)
[2025-07-20 07:55:06,240] INFO Processing 500 records (io.aiven.kafka.connect.s3.AivenKafkaConnectS3SinkConnector)
[2025-07-20 07:55:06,242] INFO Processing 500 records (io.aiven.kafka.connect.s3.AivenKafkaConnectS3SinkConnector)
[2025-07-20 07:55:06,258] INFO Processing 500 records (io.aiven.kafka.connect.s3.AivenKafkaConnectS3SinkConnector)
[2025-07-20 07:55:06,260] INFO Processing 500 records (io.aiven.kafka.connect.s3.AivenKafkaConnectS3SinkConnector)
[2025-07-20 07:55:06,262] INFO Processing 500 records (io.aiven.kafka.connect.s3.AivenKafkaConnectS3SinkConnector)
[2025-07-20 07:55:06,263] INFO Processing 299 records (io.aiven.kafka.connect.s3.AivenKafkaConnectS3SinkConnector)
[2025-07-20 07:55:06,268] INFO Processing 500 records (io.aiven.kafka.connect.s3.AivenKafkaConnectS3SinkConnector)
[2025-07-20 07:55:06,270] INFO Processing 500 records (io.aiven.kafka.connect.s3.AivenKafkaConnectS3SinkConnector)
[2025-07-20 07:55:06,272] INFO Processing 500 records (io.aiven.kafka.connect.s3.AivenKafkaConnectS3SinkConnector)
[2025-07-20 07:55:06,273] INFO Processing 500 records (io.aiven.kafka.connect.s3.AivenKafkaConnectS3SinkConnector)
[2025-07-20 07:55:06,275] INFO Processing 500 records (io.aiven.kafka.connect.s3.AivenKafkaConnectS3SinkConnector)
[2025-07-20 07:55:06,276] INFO Processing 500 records (io.aiven.kafka.connect.s3.AivenKafkaConnectS3SinkConnector)
[2025-07-20 07:55:06,278] INFO Processing 500 records (io.aiven.kafka.connect.s3.AivenKafkaConnectS3SinkConnector)
[2025-07-20 07:55:06,280] INFO Processing 500 records (io.aiven.kafka.connect.s3.AivenKafkaConnectS3SinkConnector)
[2025-07-20 07:55:06,281] INFO Processing 500 records (io.aiven.kafka.connect.s3.AivenKafkaConnectS3SinkConnector)
[2025-07-20 07:55:06,283] INFO Processing 500 records (io.aiven.kafka.connect.s3.AivenKafkaConnectS3SinkConnector)
[2025-07-20 07:55:06,284] INFO Processing 500 records (io.aiven.kafka.connect.s3.AivenKafkaConnectS3SinkConnector)
[2025-07-20 07:55:06,286] INFO Processing 500 records (io.aiven.kafka.connect.s3.AivenKafkaConnectS3SinkConnector)
[2025-07-20 07:55:06,287] INFO Processing 500 records (io.aiven.kafka.connect.s3.AivenKafkaConnectS3SinkConnector)
[2025-07-20 07:55:06,289] INFO Processing 500 records (io.aiven.kafka.connect.s3.AivenKafkaConnectS3SinkConnector)
[2025-07-20 07:55:06,290] INFO Processing 500 records (io.aiven.kafka.connect.s3.AivenKafkaConnectS3SinkConnector)
[2025-07-20 07:55:06,292] INFO Processing 309 records (io.aiven.kafka.connect.s3.AivenKafkaConnectS3SinkConnector)
[2025-07-20 07:55:06,295] INFO Processing 500 records (io.aiven.kafka.connect.s3.AivenKafkaConnectS3SinkConnector)
[2025-07-20 07:55:06,298] INFO Processing 500 records (io.aiven.kafka.connect.s3.AivenKafkaConnectS3SinkConnector)
[2025-07-20 07:55:06,299] INFO Processing 500 records (io.aiven.kafka.connect.s3.AivenKafkaConnectS3SinkConnector)
[2025-07-20 07:55:06,301] INFO Processing 500 records (io.aiven.kafka.connect.s3.AivenKafkaConnectS3SinkConnector)
[2025-07-20 07:55:06,302] INFO Processing 500 records (io.aiven.kafka.connect.s3.AivenKafkaConnectS3SinkConnector)
[2025-07-20 07:55:06,304] INFO Processing 500 records (io.aiven.kafka.connect.s3.AivenKafkaConnectS3SinkConnector)
[2025-07-20 07:55:06,305] INFO Processing 500 records (io.aiven.kafka.connect.s3.AivenKafkaConnectS3SinkConnector)
[2025-07-20 07:55:06,322] INFO Processing 500 records (io.aiven.kafka.connect.s3.AivenKafkaConnectS3SinkConnector)
[2025-07-20 07:55:06,324] INFO Processing 500 records (io.aiven.kafka.connect.s3.AivenKafkaConnectS3SinkConnector)
[2025-07-20 07:55:06,327] INFO Processing 500 records (io.aiven.kafka.connect.s3.AivenKafkaConnectS3SinkConnector)
[2025-07-20 07:55:06,328] INFO Processing 500 records (io.aiven.kafka.connect.s3.AivenKafkaConnectS3SinkConnector)
[2025-07-20 07:55:06,330] INFO Processing 500 records (io.aiven.kafka.connect.s3.AivenKafkaConnectS3SinkConnector)
[2025-07-20 07:55:06,332] INFO Processing 500 records (io.aiven.kafka.connect.s3.AivenKafkaConnectS3SinkConnector)
[2025-07-20 07:55:06,333] INFO Processing 500 records (io.aiven.kafka.connect.s3.AivenKafkaConnectS3SinkConnector)
[2025-07-20 07:55:06,335] INFO Processing 500 records (io.aiven.kafka.connect.s3.AivenKafkaConnectS3SinkConnector)
